2024-01-29 15:47:47,591 [Worker-5: Loading available Gradle versions] INFO  o.e.b.c.i.u.g.PublishedGradleVersions - Gradle version information cache is out-of-date. Trying to update.
2024-01-30 09:55:56,368 [Worker-0: Loading available Gradle versions] INFO  o.e.b.c.i.u.g.PublishedGradleVersions - Gradle version information cache is up-to-date. Trying to read.
2024-01-30 15:44:32,424 [Worker-1: Loading available Gradle versions] INFO  o.e.b.c.i.u.g.PublishedGradleVersions - Gradle version information cache is up-to-date. Trying to read.
2024-01-31 09:41:48,835 [Worker-6: Loading available Gradle versions] INFO  o.e.b.c.i.u.g.PublishedGradleVersions - Gradle version information cache is out-of-date. Trying to update.
2024-02-01 09:37:58,519 [Worker-1: Loading available Gradle versions] INFO  o.e.b.c.i.u.g.PublishedGradleVersions - Gradle version information cache is up-to-date. Trying to read.
2024-02-02 09:59:08,043 [Worker-8: Loading available Gradle versions] INFO  o.e.b.c.i.u.g.PublishedGradleVersions - Gradle version information cache is out-of-date. Trying to update.
2024-02-02 16:56:32,650 [Worker-6: Loading available Gradle versions] INFO  o.e.b.c.i.u.g.PublishedGradleVersions - Gradle version information cache is up-to-date. Trying to read.
2024-02-06 09:42:42,740 [Worker-2: Loading available Gradle versions] INFO  o.e.b.c.i.u.g.PublishedGradleVersions - Gradle version information cache is out-of-date. Trying to update.
2024-02-06 11:48:06,048 [Worker-5: Loading available Gradle versions] INFO  o.e.b.c.i.u.g.PublishedGradleVersions - Gradle version information cache is up-to-date. Trying to read.
2024-02-06 14:26:48,590 [Worker-2: Loading available Gradle versions] INFO  o.e.b.c.i.u.g.PublishedGradleVersions - Gradle version information cache is up-to-date. Trying to read.
2024-02-06 17:52:46,740 [Worker-4: Loading available Gradle versions] INFO  o.e.b.c.i.u.g.PublishedGradleVersions - Gradle version information cache is up-to-date. Trying to read.
2024-02-07 21:06:59,882 [Worker-4: Loading available Gradle versions] INFO  o.e.b.c.i.u.g.PublishedGradleVersions - Gradle version information cache is out-of-date. Trying to update.
2024-02-13 09:35:40,224 [Worker-4: Loading available Gradle versions] INFO  o.e.b.c.i.u.g.PublishedGradleVersions - Gradle version information cache is out-of-date. Trying to update.
2024-02-13 14:34:43,124 [Worker-68: Updating Maven settings] ERROR o.e.m.c.internal.embedder.MavenImpl - Could not read settings.xml, assuming default values
org.apache.maven.settings.building.SettingsBuildingException: 1 problem was encountered while building the effective settings
[FATAL] Non-parseable settings D:\Oracle\sqldeveloper\jdbc\lib\ojdbc11.jar: only whitespace content allowed before start tag and not P (position: START_DOCUMENT seen P... @1:2)  @ D:\Oracle\sqldeveloper\jdbc\lib\ojdbc11.jar, line 1, column 2

	at org.apache.maven.settings.building.DefaultSettingsBuilder.build(DefaultSettingsBuilder.java:115)
	at org.eclipse.m2e.core.internal.embedder.MavenImpl.getSettings(MavenImpl.java:308)
	at org.eclipse.m2e.core.internal.embedder.MavenImpl.reloadSettings(MavenImpl.java:375)
	at org.eclipse.m2e.core.internal.embedder.MavenImpl.mavenConfigurationChange(MavenImpl.java:399)
	at org.eclipse.m2e.core.internal.preferences.MavenConfigurationImpl.preferenceChange(MavenConfigurationImpl.java:210)
	at org.eclipse.core.internal.preferences.EclipsePreferences$2.run(EclipsePreferences.java:824)
	at org.eclipse.core.runtime.SafeRunner.run(SafeRunner.java:47)
	at org.eclipse.core.internal.preferences.EclipsePreferences.firePreferenceEvent(EclipsePreferences.java:827)
	at org.eclipse.core.internal.preferences.EclipsePreferences.put(EclipsePreferences.java:838)
	at org.eclipse.m2e.core.internal.preferences.MavenConfigurationImpl.setGlobalSettingsFile(MavenConfigurationImpl.java:162)
	at org.eclipse.m2e.core.ui.internal.preferences.MavenSettingsPreferencePage.lambda$0(MavenSettingsPreferencePage.java:142)
	at org.eclipse.core.runtime.jobs.Job$1.run(Job.java:166)
	at org.eclipse.core.internal.jobs.Worker.run(Worker.java:63)
2024-02-13 15:20:19,831 [Worker-5: Loading available Gradle versions] INFO  o.e.b.c.i.u.g.PublishedGradleVersions - Gradle version information cache is up-to-date. Trying to read.
2024-02-13 15:20:20,764 [Worker-7: Repository registry initialization] ERROR o.e.m.c.internal.embedder.MavenImpl - Could not read settings.xml, assuming default values
org.apache.maven.settings.building.SettingsBuildingException: 1 problem was encountered while building the effective settings
[FATAL] Non-parseable settings D:\Oracle\sqldeveloper\jdbc\lib\ojdbc11.jar: only whitespace content allowed before start tag and not P (position: START_DOCUMENT seen P... @1:2)  @ D:\Oracle\sqldeveloper\jdbc\lib\ojdbc11.jar, line 1, column 2

	at org.apache.maven.settings.building.DefaultSettingsBuilder.build(DefaultSettingsBuilder.java:115)
	at org.eclipse.m2e.core.internal.embedder.MavenImpl.getSettings(MavenImpl.java:308)
	at org.eclipse.m2e.core.internal.embedder.MavenImpl.getSettings(MavenImpl.java:277)
	at org.eclipse.m2e.core.internal.repository.RepositoryRegistry.updateRegistry(RepositoryRegistry.java:229)
	at org.eclipse.m2e.core.internal.repository.RepositoryRegistryUpdateJob.run(RepositoryRegistryUpdateJob.java:50)
	at org.eclipse.core.internal.jobs.Worker.run(Worker.java:63)
2024-02-13 15:28:17,603 [Worker-3: Loading available Gradle versions] INFO  o.e.b.c.i.u.g.PublishedGradleVersions - Gradle version information cache is up-to-date. Trying to read.
2024-02-13 15:28:18,621 [Worker-2: Repository registry initialization] ERROR o.e.m.c.internal.embedder.MavenImpl - Could not read settings.xml, assuming default values
org.apache.maven.settings.building.SettingsBuildingException: 1 problem was encountered while building the effective settings
[FATAL] Non-parseable settings D:\Oracle\sqldeveloper\jdbc\lib\ojdbc11.jar: only whitespace content allowed before start tag and not P (position: START_DOCUMENT seen P... @1:2)  @ D:\Oracle\sqldeveloper\jdbc\lib\ojdbc11.jar, line 1, column 2

	at org.apache.maven.settings.building.DefaultSettingsBuilder.build(DefaultSettingsBuilder.java:115)
	at org.eclipse.m2e.core.internal.embedder.MavenImpl.getSettings(MavenImpl.java:308)
	at org.eclipse.m2e.core.internal.embedder.MavenImpl.getSettings(MavenImpl.java:277)
	at org.eclipse.m2e.core.internal.repository.RepositoryRegistry.updateRegistry(RepositoryRegistry.java:229)
	at org.eclipse.m2e.core.internal.repository.RepositoryRegistryUpdateJob.run(RepositoryRegistryUpdateJob.java:50)
	at org.eclipse.core.internal.jobs.Worker.run(Worker.java:63)
2024-02-13 15:36:17,962 [Worker-3: Loading available Gradle versions] INFO  o.e.b.c.i.u.g.PublishedGradleVersions - Gradle version information cache is up-to-date. Trying to read.
2024-02-13 15:36:19,085 [Worker-4: Repository registry initialization] ERROR o.e.m.c.internal.embedder.MavenImpl - Could not read settings.xml, assuming default values
org.apache.maven.settings.building.SettingsBuildingException: 1 problem was encountered while building the effective settings
[FATAL] Non-parseable settings D:\Oracle\sqldeveloper\jdbc\lib\ojdbc11.jar: only whitespace content allowed before start tag and not P (position: START_DOCUMENT seen P... @1:2)  @ D:\Oracle\sqldeveloper\jdbc\lib\ojdbc11.jar, line 1, column 2

	at org.apache.maven.settings.building.DefaultSettingsBuilder.build(DefaultSettingsBuilder.java:115)
	at org.eclipse.m2e.core.internal.embedder.MavenImpl.getSettings(MavenImpl.java:308)
	at org.eclipse.m2e.core.internal.embedder.MavenImpl.getSettings(MavenImpl.java:277)
	at org.eclipse.m2e.core.internal.repository.RepositoryRegistry.updateRegistry(RepositoryRegistry.java:229)
	at org.eclipse.m2e.core.internal.repository.RepositoryRegistryUpdateJob.run(RepositoryRegistryUpdateJob.java:50)
	at org.eclipse.core.internal.jobs.Worker.run(Worker.java:63)
2024-02-14 09:44:22,826 [Worker-4: Loading available Gradle versions] INFO  o.e.b.c.i.u.g.PublishedGradleVersions - Gradle version information cache is out-of-date. Trying to update.
2024-02-14 09:44:23,709 [Worker-9: Repository registry initialization] ERROR o.e.m.c.internal.embedder.MavenImpl - Could not read settings.xml, assuming default values
org.apache.maven.settings.building.SettingsBuildingException: 1 problem was encountered while building the effective settings
[FATAL] Non-parseable settings D:\Oracle\sqldeveloper\jdbc\lib\ojdbc11.jar: only whitespace content allowed before start tag and not P (position: START_DOCUMENT seen P... @1:2)  @ D:\Oracle\sqldeveloper\jdbc\lib\ojdbc11.jar, line 1, column 2

	at org.apache.maven.settings.building.DefaultSettingsBuilder.build(DefaultSettingsBuilder.java:115)
	at org.eclipse.m2e.core.internal.embedder.MavenImpl.getSettings(MavenImpl.java:308)
	at org.eclipse.m2e.core.internal.embedder.MavenImpl.getSettings(MavenImpl.java:277)
	at org.eclipse.m2e.core.internal.repository.RepositoryRegistry.updateRegistry(RepositoryRegistry.java:229)
	at org.eclipse.m2e.core.internal.repository.RepositoryRegistryUpdateJob.run(RepositoryRegistryUpdateJob.java:50)
	at org.eclipse.core.internal.jobs.Worker.run(Worker.java:63)
2024-02-15 09:42:32,003 [Worker-6: Loading available Gradle versions] INFO  o.e.b.c.i.u.g.PublishedGradleVersions - Gradle version information cache is up-to-date. Trying to read.
2024-02-15 09:42:33,565 [Worker-7: Repository registry initialization] ERROR o.e.m.c.internal.embedder.MavenImpl - Could not read settings.xml, assuming default values
org.apache.maven.settings.building.SettingsBuildingException: 1 problem was encountered while building the effective settings
[FATAL] Non-parseable settings D:\Oracle\sqldeveloper\jdbc\lib\ojdbc11.jar: only whitespace content allowed before start tag and not P (position: START_DOCUMENT seen P... @1:2)  @ D:\Oracle\sqldeveloper\jdbc\lib\ojdbc11.jar, line 1, column 2

	at org.apache.maven.settings.building.DefaultSettingsBuilder.build(DefaultSettingsBuilder.java:115)
	at org.eclipse.m2e.core.internal.embedder.MavenImpl.getSettings(MavenImpl.java:308)
	at org.eclipse.m2e.core.internal.embedder.MavenImpl.getSettings(MavenImpl.java:277)
	at org.eclipse.m2e.core.internal.repository.RepositoryRegistry.updateRegistry(RepositoryRegistry.java:229)
	at org.eclipse.m2e.core.internal.repository.RepositoryRegistryUpdateJob.run(RepositoryRegistryUpdateJob.java:50)
	at org.eclipse.core.internal.jobs.Worker.run(Worker.java:63)
2024-02-15 10:52:00,298 [Worker-6: Loading available Gradle versions] INFO  o.e.b.c.i.u.g.PublishedGradleVersions - Gradle version information cache is out-of-date. Trying to update.
2024-02-15 10:52:01,252 [Worker-3: Repository registry initialization] ERROR o.e.m.c.internal.embedder.MavenImpl - Could not read settings.xml, assuming default values
org.apache.maven.settings.building.SettingsBuildingException: 1 problem was encountered while building the effective settings
[FATAL] Non-parseable settings D:\Oracle\sqldeveloper\jdbc\lib\ojdbc11.jar: only whitespace content allowed before start tag and not P (position: START_DOCUMENT seen P... @1:2)  @ D:\Oracle\sqldeveloper\jdbc\lib\ojdbc11.jar, line 1, column 2

	at org.apache.maven.settings.building.DefaultSettingsBuilder.build(DefaultSettingsBuilder.java:115)
	at org.eclipse.m2e.core.internal.embedder.MavenImpl.getSettings(MavenImpl.java:308)
	at org.eclipse.m2e.core.internal.embedder.MavenImpl.getSettings(MavenImpl.java:277)
	at org.eclipse.m2e.core.internal.repository.RepositoryRegistry.updateRegistry(RepositoryRegistry.java:229)
	at org.eclipse.m2e.core.internal.repository.RepositoryRegistryUpdateJob.run(RepositoryRegistryUpdateJob.java:50)
	at org.eclipse.core.internal.jobs.Worker.run(Worker.java:63)
2024-02-15 16:01:32,598 [Worker-2: Loading available Gradle versions] INFO  o.e.b.c.i.u.g.PublishedGradleVersions - Gradle version information cache is up-to-date. Trying to read.
2024-02-15 16:01:33,547 [Worker-11: Repository registry initialization] ERROR o.e.m.c.internal.embedder.MavenImpl - Could not read settings.xml, assuming default values
org.apache.maven.settings.building.SettingsBuildingException: 1 problem was encountered while building the effective settings
[FATAL] Non-parseable settings D:\Oracle\sqldeveloper\jdbc\lib\ojdbc11.jar: only whitespace content allowed before start tag and not P (position: START_DOCUMENT seen P... @1:2)  @ D:\Oracle\sqldeveloper\jdbc\lib\ojdbc11.jar, line 1, column 2

	at org.apache.maven.settings.building.DefaultSettingsBuilder.build(DefaultSettingsBuilder.java:115)
	at org.eclipse.m2e.core.internal.embedder.MavenImpl.getSettings(MavenImpl.java:308)
	at org.eclipse.m2e.core.internal.embedder.MavenImpl.getSettings(MavenImpl.java:277)
	at org.eclipse.m2e.core.internal.repository.RepositoryRegistry.updateRegistry(RepositoryRegistry.java:229)
	at org.eclipse.m2e.core.internal.repository.RepositoryRegistryUpdateJob.run(RepositoryRegistryUpdateJob.java:50)
	at org.eclipse.core.internal.jobs.Worker.run(Worker.java:63)
2024-02-16 11:42:40,660 [Worker-7: Loading available Gradle versions] INFO  o.e.b.c.i.u.g.PublishedGradleVersions - Gradle version information cache is out-of-date. Trying to update.
2024-02-16 11:42:41,451 [Worker-12: Repository registry initialization] ERROR o.e.m.c.internal.embedder.MavenImpl - Could not read settings.xml, assuming default values
org.apache.maven.settings.building.SettingsBuildingException: 1 problem was encountered while building the effective settings
[FATAL] Non-parseable settings D:\Oracle\sqldeveloper\jdbc\lib\ojdbc11.jar: only whitespace content allowed before start tag and not P (position: START_DOCUMENT seen P... @1:2)  @ D:\Oracle\sqldeveloper\jdbc\lib\ojdbc11.jar, line 1, column 2

	at org.apache.maven.settings.building.DefaultSettingsBuilder.build(DefaultSettingsBuilder.java:115)
	at org.eclipse.m2e.core.internal.embedder.MavenImpl.getSettings(MavenImpl.java:308)
	at org.eclipse.m2e.core.internal.embedder.MavenImpl.getSettings(MavenImpl.java:277)
	at org.eclipse.m2e.core.internal.repository.RepositoryRegistry.updateRegistry(RepositoryRegistry.java:229)
	at org.eclipse.m2e.core.internal.repository.RepositoryRegistryUpdateJob.run(RepositoryRegistryUpdateJob.java:50)
	at org.eclipse.core.internal.jobs.Worker.run(Worker.java:63)
2024-02-16 11:52:56,532 [Worker-5: Loading available Gradle versions] INFO  o.e.b.c.i.u.g.PublishedGradleVersions - Gradle version information cache is up-to-date. Trying to read.
2024-02-16 11:52:57,103 [Worker-9: Repository registry initialization] ERROR o.e.m.c.internal.embedder.MavenImpl - Could not read settings.xml, assuming default values
org.apache.maven.settings.building.SettingsBuildingException: 1 problem was encountered while building the effective settings
[FATAL] Non-parseable settings D:\Oracle\sqldeveloper\jdbc\lib\ojdbc11.jar: only whitespace content allowed before start tag and not P (position: START_DOCUMENT seen P... @1:2)  @ D:\Oracle\sqldeveloper\jdbc\lib\ojdbc11.jar, line 1, column 2

	at org.apache.maven.settings.building.DefaultSettingsBuilder.build(DefaultSettingsBuilder.java:115)
	at org.eclipse.m2e.core.internal.embedder.MavenImpl.getSettings(MavenImpl.java:308)
	at org.eclipse.m2e.core.internal.embedder.MavenImpl.getSettings(MavenImpl.java:277)
	at org.eclipse.m2e.core.internal.repository.RepositoryRegistry.updateRegistry(RepositoryRegistry.java:229)
	at org.eclipse.m2e.core.internal.repository.RepositoryRegistryUpdateJob.run(RepositoryRegistryUpdateJob.java:50)
	at org.eclipse.core.internal.jobs.Worker.run(Worker.java:63)
2024-02-16 12:15:07,048 [Worker-7: Loading available Gradle versions] INFO  o.e.b.c.i.u.g.PublishedGradleVersions - Gradle version information cache is up-to-date. Trying to read.
2024-02-16 12:15:07,833 [Worker-12: Repository registry initialization] ERROR o.e.m.c.internal.embedder.MavenImpl - Could not read settings.xml, assuming default values
org.apache.maven.settings.building.SettingsBuildingException: 1 problem was encountered while building the effective settings
[FATAL] Non-parseable settings D:\Oracle\sqldeveloper\jdbc\lib\ojdbc11.jar: only whitespace content allowed before start tag and not P (position: START_DOCUMENT seen P... @1:2)  @ D:\Oracle\sqldeveloper\jdbc\lib\ojdbc11.jar, line 1, column 2

	at org.apache.maven.settings.building.DefaultSettingsBuilder.build(DefaultSettingsBuilder.java:115)
	at org.eclipse.m2e.core.internal.embedder.MavenImpl.getSettings(MavenImpl.java:308)
	at org.eclipse.m2e.core.internal.embedder.MavenImpl.getSettings(MavenImpl.java:277)
	at org.eclipse.m2e.core.internal.repository.RepositoryRegistry.updateRegistry(RepositoryRegistry.java:229)
	at org.eclipse.m2e.core.internal.repository.RepositoryRegistryUpdateJob.run(RepositoryRegistryUpdateJob.java:50)
	at org.eclipse.core.internal.jobs.Worker.run(Worker.java:63)
2024-02-19 09:45:50,963 [Worker-8: Loading available Gradle versions] INFO  o.e.b.c.i.u.g.PublishedGradleVersions - Gradle version information cache is out-of-date. Trying to update.
2024-02-19 09:45:52,934 [Worker-11: Repository registry initialization] ERROR o.e.m.c.internal.embedder.MavenImpl - Could not read settings.xml, assuming default values
org.apache.maven.settings.building.SettingsBuildingException: 1 problem was encountered while building the effective settings
[FATAL] Non-parseable settings D:\Oracle\sqldeveloper\jdbc\lib\ojdbc11.jar: only whitespace content allowed before start tag and not P (position: START_DOCUMENT seen P... @1:2)  @ D:\Oracle\sqldeveloper\jdbc\lib\ojdbc11.jar, line 1, column 2

	at org.apache.maven.settings.building.DefaultSettingsBuilder.build(DefaultSettingsBuilder.java:115)
	at org.eclipse.m2e.core.internal.embedder.MavenImpl.getSettings(MavenImpl.java:308)
	at org.eclipse.m2e.core.internal.embedder.MavenImpl.getSettings(MavenImpl.java:277)
	at org.eclipse.m2e.core.internal.repository.RepositoryRegistry.updateRegistry(RepositoryRegistry.java:229)
	at org.eclipse.m2e.core.internal.repository.RepositoryRegistryUpdateJob.run(RepositoryRegistryUpdateJob.java:50)
	at org.eclipse.core.internal.jobs.Worker.run(Worker.java:63)
2024-02-19 17:32:16,088 [Worker-6: Loading available Gradle versions] INFO  o.e.b.c.i.u.g.PublishedGradleVersions - Gradle version information cache is up-to-date. Trying to read.
2024-02-19 17:32:16,837 [Worker-12: Repository registry initialization] ERROR o.e.m.c.internal.embedder.MavenImpl - Could not read settings.xml, assuming default values
org.apache.maven.settings.building.SettingsBuildingException: 1 problem was encountered while building the effective settings
[FATAL] Non-parseable settings D:\Oracle\sqldeveloper\jdbc\lib\ojdbc11.jar: only whitespace content allowed before start tag and not P (position: START_DOCUMENT seen P... @1:2)  @ D:\Oracle\sqldeveloper\jdbc\lib\ojdbc11.jar, line 1, column 2

	at org.apache.maven.settings.building.DefaultSettingsBuilder.build(DefaultSettingsBuilder.java:115)
	at org.eclipse.m2e.core.internal.embedder.MavenImpl.getSettings(MavenImpl.java:308)
	at org.eclipse.m2e.core.internal.embedder.MavenImpl.getSettings(MavenImpl.java:277)
	at org.eclipse.m2e.core.internal.repository.RepositoryRegistry.updateRegistry(RepositoryRegistry.java:229)
	at org.eclipse.m2e.core.internal.repository.RepositoryRegistryUpdateJob.run(RepositoryRegistryUpdateJob.java:50)
	at org.eclipse.core.internal.jobs.Worker.run(Worker.java:63)
2024-02-20 09:43:16,813 [Worker-4: Loading available Gradle versions] INFO  o.e.b.c.i.u.g.PublishedGradleVersions - Gradle version information cache is up-to-date. Trying to read.
2024-02-20 09:43:17,865 [Worker-8: Repository registry initialization] ERROR o.e.m.c.internal.embedder.MavenImpl - Could not read settings.xml, assuming default values
org.apache.maven.settings.building.SettingsBuildingException: 1 problem was encountered while building the effective settings
[FATAL] Non-parseable settings D:\Oracle\sqldeveloper\jdbc\lib\ojdbc11.jar: only whitespace content allowed before start tag and not P (position: START_DOCUMENT seen P... @1:2)  @ D:\Oracle\sqldeveloper\jdbc\lib\ojdbc11.jar, line 1, column 2

	at org.apache.maven.settings.building.DefaultSettingsBuilder.build(DefaultSettingsBuilder.java:115)
	at org.eclipse.m2e.core.internal.embedder.MavenImpl.getSettings(MavenImpl.java:308)
	at org.eclipse.m2e.core.internal.embedder.MavenImpl.getSettings(MavenImpl.java:277)
	at org.eclipse.m2e.core.internal.repository.RepositoryRegistry.updateRegistry(RepositoryRegistry.java:229)
	at org.eclipse.m2e.core.internal.repository.RepositoryRegistryUpdateJob.run(RepositoryRegistryUpdateJob.java:50)
	at org.eclipse.core.internal.jobs.Worker.run(Worker.java:63)
2024-02-22 10:05:50,852 [Worker-2: Loading available Gradle versions] INFO  o.e.b.c.i.u.g.PublishedGradleVersions - Gradle version information cache is out-of-date. Trying to update.
2024-02-22 10:05:53,225 [Worker-8: Repository registry initialization] ERROR o.e.m.c.internal.embedder.MavenImpl - Could not read settings.xml, assuming default values
org.apache.maven.settings.building.SettingsBuildingException: 1 problem was encountered while building the effective settings
[FATAL] Non-parseable settings D:\Oracle\sqldeveloper\jdbc\lib\ojdbc11.jar: only whitespace content allowed before start tag and not P (position: START_DOCUMENT seen P... @1:2)  @ D:\Oracle\sqldeveloper\jdbc\lib\ojdbc11.jar, line 1, column 2

	at org.apache.maven.settings.building.DefaultSettingsBuilder.build(DefaultSettingsBuilder.java:115)
	at org.eclipse.m2e.core.internal.embedder.MavenImpl.getSettings(MavenImpl.java:308)
	at org.eclipse.m2e.core.internal.embedder.MavenImpl.getSettings(MavenImpl.java:277)
	at org.eclipse.m2e.core.internal.repository.RepositoryRegistry.updateRegistry(RepositoryRegistry.java:229)
	at org.eclipse.m2e.core.internal.repository.RepositoryRegistryUpdateJob.run(RepositoryRegistryUpdateJob.java:50)
	at org.eclipse.core.internal.jobs.Worker.run(Worker.java:63)
2024-02-22 16:29:35,340 [Worker-7: Loading available Gradle versions] INFO  o.e.b.c.i.u.g.PublishedGradleVersions - Gradle version information cache is up-to-date. Trying to read.
2024-02-22 16:29:37,986 [Worker-13: Repository registry initialization] ERROR o.e.m.c.internal.embedder.MavenImpl - Could not read settings.xml, assuming default values
org.apache.maven.settings.building.SettingsBuildingException: 1 problem was encountered while building the effective settings
[FATAL] Non-parseable settings D:\Oracle\sqldeveloper\jdbc\lib\ojdbc11.jar: only whitespace content allowed before start tag and not P (position: START_DOCUMENT seen P... @1:2)  @ D:\Oracle\sqldeveloper\jdbc\lib\ojdbc11.jar, line 1, column 2

	at org.apache.maven.settings.building.DefaultSettingsBuilder.build(DefaultSettingsBuilder.java:115)
	at org.eclipse.m2e.core.internal.embedder.MavenImpl.getSettings(MavenImpl.java:308)
	at org.eclipse.m2e.core.internal.embedder.MavenImpl.getSettings(MavenImpl.java:277)
	at org.eclipse.m2e.core.internal.repository.RepositoryRegistry.updateRegistry(RepositoryRegistry.java:229)
	at org.eclipse.m2e.core.internal.repository.RepositoryRegistryUpdateJob.run(RepositoryRegistryUpdateJob.java:50)
	at org.eclipse.core.internal.jobs.Worker.run(Worker.java:63)
2024-02-22 18:08:58,911 [Worker-6: Loading available Gradle versions] INFO  o.e.b.c.i.u.g.PublishedGradleVersions - Gradle version information cache is up-to-date. Trying to read.
2024-02-22 18:09:00,201 [Worker-11: Repository registry initialization] ERROR o.e.m.c.internal.embedder.MavenImpl - Could not read settings.xml, assuming default values
org.apache.maven.settings.building.SettingsBuildingException: 1 problem was encountered while building the effective settings
[FATAL] Non-parseable settings D:\Oracle\sqldeveloper\jdbc\lib\ojdbc11.jar: only whitespace content allowed before start tag and not P (position: START_DOCUMENT seen P... @1:2)  @ D:\Oracle\sqldeveloper\jdbc\lib\ojdbc11.jar, line 1, column 2

	at org.apache.maven.settings.building.DefaultSettingsBuilder.build(DefaultSettingsBuilder.java:115)
	at org.eclipse.m2e.core.internal.embedder.MavenImpl.getSettings(MavenImpl.java:308)
	at org.eclipse.m2e.core.internal.embedder.MavenImpl.getSettings(MavenImpl.java:277)
	at org.eclipse.m2e.core.internal.repository.RepositoryRegistry.updateRegistry(RepositoryRegistry.java:229)
	at org.eclipse.m2e.core.internal.repository.RepositoryRegistryUpdateJob.run(RepositoryRegistryUpdateJob.java:50)
	at org.eclipse.core.internal.jobs.Worker.run(Worker.java:63)
2024-02-22 21:17:40,728 [Worker-6: Loading available Gradle versions] INFO  o.e.b.c.i.u.g.PublishedGradleVersions - Gradle version information cache is up-to-date. Trying to read.
2024-02-22 21:17:41,538 [Worker-9: Repository registry initialization] ERROR o.e.m.c.internal.embedder.MavenImpl - Could not read settings.xml, assuming default values
org.apache.maven.settings.building.SettingsBuildingException: 1 problem was encountered while building the effective settings
[FATAL] Non-parseable settings D:\Oracle\sqldeveloper\jdbc\lib\ojdbc11.jar: only whitespace content allowed before start tag and not P (position: START_DOCUMENT seen P... @1:2)  @ D:\Oracle\sqldeveloper\jdbc\lib\ojdbc11.jar, line 1, column 2

	at org.apache.maven.settings.building.DefaultSettingsBuilder.build(DefaultSettingsBuilder.java:115)
	at org.eclipse.m2e.core.internal.embedder.MavenImpl.getSettings(MavenImpl.java:308)
	at org.eclipse.m2e.core.internal.embedder.MavenImpl.getSettings(MavenImpl.java:277)
	at org.eclipse.m2e.core.internal.repository.RepositoryRegistry.updateRegistry(RepositoryRegistry.java:229)
	at org.eclipse.m2e.core.internal.repository.RepositoryRegistryUpdateJob.run(RepositoryRegistryUpdateJob.java:50)
	at org.eclipse.core.internal.jobs.Worker.run(Worker.java:63)
2024-02-23 15:48:12,776 [Worker-1: Loading available Gradle versions] INFO  o.e.b.c.i.u.g.PublishedGradleVersions - Gradle version information cache is out-of-date. Trying to update.
2024-02-23 15:48:14,793 [Worker-8: Repository registry initialization] ERROR o.e.m.c.internal.embedder.MavenImpl - Could not read settings.xml, assuming default values
org.apache.maven.settings.building.SettingsBuildingException: 1 problem was encountered while building the effective settings
[FATAL] Non-parseable settings D:\Oracle\sqldeveloper\jdbc\lib\ojdbc11.jar: only whitespace content allowed before start tag and not P (position: START_DOCUMENT seen P... @1:2)  @ D:\Oracle\sqldeveloper\jdbc\lib\ojdbc11.jar, line 1, column 2

	at org.apache.maven.settings.building.DefaultSettingsBuilder.build(DefaultSettingsBuilder.java:115)
	at org.eclipse.m2e.core.internal.embedder.MavenImpl.getSettings(MavenImpl.java:308)
	at org.eclipse.m2e.core.internal.embedder.MavenImpl.getSettings(MavenImpl.java:277)
	at org.eclipse.m2e.core.internal.repository.RepositoryRegistry.updateRegistry(RepositoryRegistry.java:229)
	at org.eclipse.m2e.core.internal.repository.RepositoryRegistryUpdateJob.run(RepositoryRegistryUpdateJob.java:50)
	at org.eclipse.core.internal.jobs.Worker.run(Worker.java:63)
2024-02-26 09:43:49,167 [Worker-4: Loading available Gradle versions] INFO  o.e.b.c.i.u.g.PublishedGradleVersions - Gradle version information cache is out-of-date. Trying to update.
2024-02-26 09:43:50,559 [Worker-8: Repository registry initialization] ERROR o.e.m.c.internal.embedder.MavenImpl - Could not read settings.xml, assuming default values
org.apache.maven.settings.building.SettingsBuildingException: 1 problem was encountered while building the effective settings
[FATAL] Non-parseable settings D:\Oracle\sqldeveloper\jdbc\lib\ojdbc11.jar: only whitespace content allowed before start tag and not P (position: START_DOCUMENT seen P... @1:2)  @ D:\Oracle\sqldeveloper\jdbc\lib\ojdbc11.jar, line 1, column 2

	at org.apache.maven.settings.building.DefaultSettingsBuilder.build(DefaultSettingsBuilder.java:115)
	at org.eclipse.m2e.core.internal.embedder.MavenImpl.getSettings(MavenImpl.java:308)
	at org.eclipse.m2e.core.internal.embedder.MavenImpl.getSettings(MavenImpl.java:277)
	at org.eclipse.m2e.core.internal.repository.RepositoryRegistry.updateRegistry(RepositoryRegistry.java:229)
	at org.eclipse.m2e.core.internal.repository.RepositoryRegistryUpdateJob.run(RepositoryRegistryUpdateJob.java:50)
	at org.eclipse.core.internal.jobs.Worker.run(Worker.java:63)
2024-02-26 09:47:44,032 [Worker-6: Loading available Gradle versions] INFO  o.e.b.c.i.u.g.PublishedGradleVersions - Gradle version information cache is up-to-date. Trying to read.
2024-02-26 09:47:45,033 [Worker-12: Repository registry initialization] ERROR o.e.m.c.internal.embedder.MavenImpl - Could not read settings.xml, assuming default values
org.apache.maven.settings.building.SettingsBuildingException: 1 problem was encountered while building the effective settings
[FATAL] Non-parseable settings D:\Oracle\sqldeveloper\jdbc\lib\ojdbc11.jar: only whitespace content allowed before start tag and not P (position: START_DOCUMENT seen P... @1:2)  @ D:\Oracle\sqldeveloper\jdbc\lib\ojdbc11.jar, line 1, column 2

	at org.apache.maven.settings.building.DefaultSettingsBuilder.build(DefaultSettingsBuilder.java:115)
	at org.eclipse.m2e.core.internal.embedder.MavenImpl.getSettings(MavenImpl.java:308)
	at org.eclipse.m2e.core.internal.embedder.MavenImpl.getSettings(MavenImpl.java:277)
	at org.eclipse.m2e.core.internal.repository.RepositoryRegistry.updateRegistry(RepositoryRegistry.java:229)
	at org.eclipse.m2e.core.internal.repository.RepositoryRegistryUpdateJob.run(RepositoryRegistryUpdateJob.java:50)
	at org.eclipse.core.internal.jobs.Worker.run(Worker.java:63)
2024-02-26 17:48:38,728 [Worker-3: Loading available Gradle versions] INFO  o.e.b.c.i.u.g.PublishedGradleVersions - Gradle version information cache is up-to-date. Trying to read.
2024-02-26 17:48:39,639 [Worker-7: Repository registry initialization] ERROR o.e.m.c.internal.embedder.MavenImpl - Could not read settings.xml, assuming default values
org.apache.maven.settings.building.SettingsBuildingException: 1 problem was encountered while building the effective settings
[FATAL] Non-parseable settings D:\Oracle\sqldeveloper\jdbc\lib\ojdbc11.jar: only whitespace content allowed before start tag and not P (position: START_DOCUMENT seen P... @1:2)  @ D:\Oracle\sqldeveloper\jdbc\lib\ojdbc11.jar, line 1, column 2

	at org.apache.maven.settings.building.DefaultSettingsBuilder.build(DefaultSettingsBuilder.java:115)
	at org.eclipse.m2e.core.internal.embedder.MavenImpl.getSettings(MavenImpl.java:308)
	at org.eclipse.m2e.core.internal.embedder.MavenImpl.getSettings(MavenImpl.java:277)
	at org.eclipse.m2e.core.internal.repository.RepositoryRegistry.updateRegistry(RepositoryRegistry.java:229)
	at org.eclipse.m2e.core.internal.repository.RepositoryRegistryUpdateJob.run(RepositoryRegistryUpdateJob.java:50)
	at org.eclipse.core.internal.jobs.Worker.run(Worker.java:63)
2024-02-26 17:52:45,224 [Worker-4: Loading available Gradle versions] INFO  o.e.b.c.i.u.g.PublishedGradleVersions - Gradle version information cache is up-to-date. Trying to read.
2024-02-26 17:52:46,135 [Worker-7: Repository registry initialization] ERROR o.e.m.c.internal.embedder.MavenImpl - Could not read settings.xml, assuming default values
org.apache.maven.settings.building.SettingsBuildingException: 1 problem was encountered while building the effective settings
[FATAL] Non-parseable settings D:\Oracle\sqldeveloper\jdbc\lib\ojdbc11.jar: only whitespace content allowed before start tag and not P (position: START_DOCUMENT seen P... @1:2)  @ D:\Oracle\sqldeveloper\jdbc\lib\ojdbc11.jar, line 1, column 2

	at org.apache.maven.settings.building.DefaultSettingsBuilder.build(DefaultSettingsBuilder.java:115)
	at org.eclipse.m2e.core.internal.embedder.MavenImpl.getSettings(MavenImpl.java:308)
	at org.eclipse.m2e.core.internal.embedder.MavenImpl.getSettings(MavenImpl.java:277)
	at org.eclipse.m2e.core.internal.repository.RepositoryRegistry.updateRegistry(RepositoryRegistry.java:229)
	at org.eclipse.m2e.core.internal.repository.RepositoryRegistryUpdateJob.run(RepositoryRegistryUpdateJob.java:50)
	at org.eclipse.core.internal.jobs.Worker.run(Worker.java:63)
2024-02-27 09:37:00,909 [Worker-4: Loading available Gradle versions] INFO  o.e.b.c.i.u.g.PublishedGradleVersions - Gradle version information cache is up-to-date. Trying to read.
2024-02-27 09:37:01,790 [Worker-10: Repository registry initialization] ERROR o.e.m.c.internal.embedder.MavenImpl - Could not read settings.xml, assuming default values
org.apache.maven.settings.building.SettingsBuildingException: 1 problem was encountered while building the effective settings
[FATAL] Non-parseable settings D:\Oracle\sqldeveloper\jdbc\lib\ojdbc11.jar: only whitespace content allowed before start tag and not P (position: START_DOCUMENT seen P... @1:2)  @ D:\Oracle\sqldeveloper\jdbc\lib\ojdbc11.jar, line 1, column 2

	at org.apache.maven.settings.building.DefaultSettingsBuilder.build(DefaultSettingsBuilder.java:115)
	at org.eclipse.m2e.core.internal.embedder.MavenImpl.getSettings(MavenImpl.java:308)
	at org.eclipse.m2e.core.internal.embedder.MavenImpl.getSettings(MavenImpl.java:277)
	at org.eclipse.m2e.core.internal.repository.RepositoryRegistry.updateRegistry(RepositoryRegistry.java:229)
	at org.eclipse.m2e.core.internal.repository.RepositoryRegistryUpdateJob.run(RepositoryRegistryUpdateJob.java:50)
	at org.eclipse.core.internal.jobs.Worker.run(Worker.java:63)
2024-02-28 09:41:36,073 [Worker-6: Loading available Gradle versions] INFO  o.e.b.c.i.u.g.PublishedGradleVersions - Gradle version information cache is out-of-date. Trying to update.
2024-02-28 09:41:37,301 [Worker-5: Repository registry initialization] ERROR o.e.m.c.internal.embedder.MavenImpl - Could not read settings.xml, assuming default values
org.apache.maven.settings.building.SettingsBuildingException: 1 problem was encountered while building the effective settings
[FATAL] Non-parseable settings D:\Oracle\sqldeveloper\jdbc\lib\ojdbc11.jar: only whitespace content allowed before start tag and not P (position: START_DOCUMENT seen P... @1:2)  @ D:\Oracle\sqldeveloper\jdbc\lib\ojdbc11.jar, line 1, column 2

	at org.apache.maven.settings.building.DefaultSettingsBuilder.build(DefaultSettingsBuilder.java:115)
	at org.eclipse.m2e.core.internal.embedder.MavenImpl.getSettings(MavenImpl.java:308)
	at org.eclipse.m2e.core.internal.embedder.MavenImpl.getSettings(MavenImpl.java:277)
	at org.eclipse.m2e.core.internal.repository.RepositoryRegistry.updateRegistry(RepositoryRegistry.java:229)
	at org.eclipse.m2e.core.internal.repository.RepositoryRegistryUpdateJob.run(RepositoryRegistryUpdateJob.java:50)
	at org.eclipse.core.internal.jobs.Worker.run(Worker.java:63)
2024-03-04 09:44:39,095 [Worker-9: Loading available Gradle versions] INFO  o.e.b.c.i.u.g.PublishedGradleVersions - Gradle version information cache is out-of-date. Trying to update.
2024-03-04 09:44:41,175 [Worker-2: Repository registry initialization] ERROR o.e.m.c.internal.embedder.MavenImpl - Could not read settings.xml, assuming default values
org.apache.maven.settings.building.SettingsBuildingException: 1 problem was encountered while building the effective settings
[FATAL] Non-parseable settings D:\Oracle\sqldeveloper\jdbc\lib\ojdbc11.jar: only whitespace content allowed before start tag and not P (position: START_DOCUMENT seen P... @1:2)  @ D:\Oracle\sqldeveloper\jdbc\lib\ojdbc11.jar, line 1, column 2

	at org.apache.maven.settings.building.DefaultSettingsBuilder.build(DefaultSettingsBuilder.java:115)
	at org.eclipse.m2e.core.internal.embedder.MavenImpl.getSettings(MavenImpl.java:308)
	at org.eclipse.m2e.core.internal.embedder.MavenImpl.getSettings(MavenImpl.java:277)
	at org.eclipse.m2e.core.internal.repository.RepositoryRegistry.updateRegistry(RepositoryRegistry.java:229)
	at org.eclipse.m2e.core.internal.repository.RepositoryRegistryUpdateJob.run(RepositoryRegistryUpdateJob.java:50)
	at org.eclipse.core.internal.jobs.Worker.run(Worker.java:63)
2024-03-04 20:36:45,581 [Worker-2: Loading available Gradle versions] INFO  o.e.b.c.i.u.g.PublishedGradleVersions - Gradle version information cache is up-to-date. Trying to read.
2024-03-04 20:36:47,169 [Worker-10: Repository registry initialization] ERROR o.e.m.c.internal.embedder.MavenImpl - Could not read settings.xml, assuming default values
org.apache.maven.settings.building.SettingsBuildingException: 1 problem was encountered while building the effective settings
[FATAL] Non-parseable settings D:\Oracle\sqldeveloper\jdbc\lib\ojdbc11.jar: only whitespace content allowed before start tag and not P (position: START_DOCUMENT seen P... @1:2)  @ D:\Oracle\sqldeveloper\jdbc\lib\ojdbc11.jar, line 1, column 2

	at org.apache.maven.settings.building.DefaultSettingsBuilder.build(DefaultSettingsBuilder.java:115)
	at org.eclipse.m2e.core.internal.embedder.MavenImpl.getSettings(MavenImpl.java:308)
	at org.eclipse.m2e.core.internal.embedder.MavenImpl.getSettings(MavenImpl.java:277)
	at org.eclipse.m2e.core.internal.repository.RepositoryRegistry.updateRegistry(RepositoryRegistry.java:229)
	at org.eclipse.m2e.core.internal.repository.RepositoryRegistryUpdateJob.run(RepositoryRegistryUpdateJob.java:50)
	at org.eclipse.core.internal.jobs.Worker.run(Worker.java:63)
2024-03-12 12:01:45,731 [Worker-6: Loading available Gradle versions] INFO  o.e.b.c.i.u.g.PublishedGradleVersions - Gradle version information cache is out-of-date. Trying to update.
2024-03-12 12:01:49,186 [Worker-2: Repository registry initialization] ERROR o.e.m.c.internal.embedder.MavenImpl - Could not read settings.xml, assuming default values
org.apache.maven.settings.building.SettingsBuildingException: 1 problem was encountered while building the effective settings
[FATAL] Non-parseable settings D:\Oracle\sqldeveloper\jdbc\lib\ojdbc11.jar: only whitespace content allowed before start tag and not P (position: START_DOCUMENT seen P... @1:2)  @ D:\Oracle\sqldeveloper\jdbc\lib\ojdbc11.jar, line 1, column 2

	at org.apache.maven.settings.building.DefaultSettingsBuilder.build(DefaultSettingsBuilder.java:115)
	at org.eclipse.m2e.core.internal.embedder.MavenImpl.getSettings(MavenImpl.java:308)
	at org.eclipse.m2e.core.internal.embedder.MavenImpl.getSettings(MavenImpl.java:277)
	at org.eclipse.m2e.core.internal.repository.RepositoryRegistry.updateRegistry(RepositoryRegistry.java:229)
	at org.eclipse.m2e.core.internal.repository.RepositoryRegistryUpdateJob.run(RepositoryRegistryUpdateJob.java:50)
	at org.eclipse.core.internal.jobs.Worker.run(Worker.java:63)
2024-03-14 15:56:06,496 [Worker-2: Loading available Gradle versions] INFO  o.e.b.c.i.u.g.PublishedGradleVersions - Gradle version information cache is out-of-date. Trying to update.
2024-03-14 15:56:08,116 [Worker-3: Repository registry initialization] ERROR o.e.m.c.internal.embedder.MavenImpl - Could not read settings.xml, assuming default values
org.apache.maven.settings.building.SettingsBuildingException: 1 problem was encountered while building the effective settings
[FATAL] Non-parseable settings D:\Oracle\sqldeveloper\jdbc\lib\ojdbc11.jar: only whitespace content allowed before start tag and not P (position: START_DOCUMENT seen P... @1:2)  @ D:\Oracle\sqldeveloper\jdbc\lib\ojdbc11.jar, line 1, column 2

	at org.apache.maven.settings.building.DefaultSettingsBuilder.build(DefaultSettingsBuilder.java:115)
	at org.eclipse.m2e.core.internal.embedder.MavenImpl.getSettings(MavenImpl.java:308)
	at org.eclipse.m2e.core.internal.embedder.MavenImpl.getSettings(MavenImpl.java:277)
	at org.eclipse.m2e.core.internal.repository.RepositoryRegistry.updateRegistry(RepositoryRegistry.java:229)
	at org.eclipse.m2e.core.internal.repository.RepositoryRegistryUpdateJob.run(RepositoryRegistryUpdateJob.java:50)
	at org.eclipse.core.internal.jobs.Worker.run(Worker.java:63)
